<?xml version="1.0" encoding="UTF-8"?>
<!-- Generated by org.testng.reporters.JUnitXMLReporter -->
<testsuite ignored="1" hostname="DESKTOP-V15HPFF" failures="0" tests="1" name="Default test" time="36.897" errors="0" timestamp="2025-08-10T06:39:33 PDT">
  <testcase classname="com.mystore.testcases.TC_MyaccountPagetest" name="verifyalreadyregtlogin" time="19.857"/>
  <testcase classname="com.mystore.testcases.TC_MyaccountPagetest" name="varifyRegistrationandlogin" time="0.0">
    <ignored/>
  </testcase> <!-- varifyRegistrationandlogin -->
</testsuite> <!-- Default test -->
