<?xml version="1.0" encoding="UTF-8"?>
<testng-results ignored="0" total="1" passed="1" failed="0" skipped="0">
  <reporter-output>
  </reporter-output>
  <suite started-at="2025-08-10T12:55:42 PDT" name="Suite" finished-at="2025-08-10T12:56:45 PDT" duration-ms="62502">
    <groups>
    </groups>
    <test started-at="2025-08-10T12:55:42 PDT" name="Test" finished-at="2025-08-10T12:56:45 PDT" duration-ms="62502">
      <class name="com.mystore.testcases.TC_By_Product">
        <test-method is-config="true" signature="Setup()[pri:0, instance:com.mystore.testcases.TC_By_Product@7d9d0818]" started-at="2025-08-10T12:55:43 PDT" name="Setup" finished-at="2025-08-10T12:55:59 PDT" duration-ms="16323" status="PASS">
          <reporter-output>
          </reporter-output>
        </test-method> <!-- Setup -->
        <test-method signature="verifyalreadyregtlogin()[pri:0, instance:com.mystore.testcases.TC_By_Product@7d9d0818]" started-at="2025-08-10T12:55:59 PDT" name="verifyalreadyregtlogin" finished-at="2025-08-10T12:56:22 PDT" duration-ms="22478" status="PASS">
          <reporter-output>
          </reporter-output>
        </test-method> <!-- verifyalreadyregtlogin -->
        <test-method is-config="true" signature="tearDown()[pri:0, instance:com.mystore.testcases.TC_By_Product@7d9d0818]" started-at="2025-08-10T12:56:22 PDT" name="tearDown" finished-at="2025-08-10T12:56:22 PDT" duration-ms="1" status="PASS">
          <reporter-output>
          </reporter-output>
        </test-method> <!-- tearDown -->
        <test-method is-config="true" signature="ToverifyaddToComaparewithoutLogin()[pri:0, instance:com.mystore.testcases.TC_By_Product@7d9d0818]" started-at="2025-08-10T12:56:22 PDT" name="ToverifyaddToComaparewithoutLogin" finished-at="2025-08-10T12:56:45 PDT" duration-ms="22795" status="PASS">
          <reporter-output>
          </reporter-output>
        </test-method> <!-- ToverifyaddToComaparewithoutLogin -->
      </class> <!-- com.mystore.testcases.TC_By_Product -->
    </test> <!-- Test -->
  </suite> <!-- Suite -->
</testng-results>
